2024-11-11T07:25:03+00:00 DEBUG POST: https://ads.tiktok.com/marketing_api/api/developer/app/create_auto_approve/

{"business_platform":"PROD","smb_id":"tt4b_woocommerce_6731b14f248b7httplocalhostwordpresswp-admin","smb_name":"PROD","redirect_url":"http:\/\/localhost\/wordpress\/wp-admin\/"}
 ajax: no
2024-11-11T07:25:03+00:00 DEBUG Tt4b_Mapi_Class::create_open_source_app: Response: 

HTTP/1.1 200 OK
Content-Type: application/json
X-Tt-Logid: 2024111107250254D994BD7F3FD9780A69,2024111107250254D994BD7F3FD9780A69
Strict-Transport-Security: max-age=31536000; includeSubDomains
Server-Timing: inner; dur=68
x-tt-trace-host: 01b2cc703e47961d1fe2641d2e650c0400da8ff70b3402ef644c9aea7bdf4d781c20c5955a5ab566845f2cac49cada2c72c867718875a86b784dd1979804d1829c77fb4ad2f6a3047b7062ebc8b6a038abb1024910b075bbd813c03e3f221e75e5
x-tt-trace-id: 00-24111107250254D994BD7F3FD9780A69-7BC5F9ED7A08D977-00
Server: TLB
Content-Encoding: gzip
Date: Mon, 11 Nov 2024 07:25:03 GMT
Content-Length: 207
X-Cache: TCP_MISS from a23-32-74-87.deploy.akamaitechnologies.com (AkamaiGHost/11.6.5-0c617a4be13e71cac2c90d10d87ecf54) (-)
Connection: close
Vary: Accept-Encoding
x-tt-trace-tag: id=16;cdn-cache=miss;type=dyn
Server-Timing: cdn-cache; desc=MISS, edge; dur=3, origin; dur=107
X-Origin-Response-Time: 108,23.32.74.87
X-Akamai-Request-ID: 1b24b4bd

{"code":0,"msg":"ok","data":{"redirect_uri":"http:\/\/localhost\/wordpress\/wp-admin\/","external_data_key":"97b04579-2681-427a-905c-55c58da09ef5","app_secret":"82d5b4a53706a540232657ffb4efc7f450705a5e","app_id":"7435919414341419026"}}

2024-11-11T07:29:43+00:00 DEBUG POST: https://business-api.tiktok.com/tbp/v2.0/business_profile/disconnect?external_data=

{"business_platform":"WOO_COMMERCE","external_business_id":"tt4b_woocommerce_6731b14f248b7"}
 ajax: no
2024-11-11T07:29:43+00:00 DEBUG Tt4b_Mapi_Class::tbp_post: Response: 

HTTP/1.1 200 OK
Content-Type: application/json; charset=utf-8
Content-Length: 95
X-Api-Deprecation-Info: API for Business Version 1.3 is now live. To avoid disruption to your business, we recommend you migrate all calls to v1.3 as soon as possible. Please visit our migration guide for more details: https://ads.tiktok.com/marketing_api/docs?id=1740029169927169
X-Domain-Change-Info: We have moved to the new domain business-api.tiktok.com for API services after the Platform Upgrade on 09/30/2021. Please update all of your requests with the new domain if you haven't done so already. For more information, please visit https://ads.tiktok.com/marketing_api/docs?rid=esb88xalm6m&id=1709207085043713
X-Tt-Logid: 20241111072942427FC167A43686F34022
Server-Timing: inner; dur=8
x-tt-trace-host: 01b2cc703e47961d1fe2641d2e650c04001991d9f0d22d266f860dbe5dc5d75c4307884f46d3b6ff9d7abac24ef7defb8012aa749308ad2e9745d94992e13ae6e36b665aae56d8f0a54b2ecc7f27e19afb9542a08c40f66a581925db709799aeab
x-tt-trace-id: 00-241111072942427FC167A43686F34022-4A35343874D8439C-00
Server: TLB
Expires: Mon, 11 Nov 2024 07:29:43 GMT
Cache-Control: max-age=0, no-cache, no-store
Pragma: no-cache
Date: Mon, 11 Nov 2024 07:29:43 GMT
X-Cache: TCP_MISS from a23-47-190-166.deploy.akamaitechnologies.com (AkamaiGHost/11.7.0.1-02978ab5588da6405be9084889a03f78) (-)
Connection: close
x-tt-trace-tag: id=16;cdn-cache=miss;type=dyn
Server-Timing: cdn-cache; desc=MISS, edge; dur=82, origin; dur=80
X-Origin-Response-Time: 81,23.47.190.166
X-Akamai-Request-ID: 3baa72bc

{"code":40001,"message":"Permission denied.","request_id":"20241111072942427FC167A43686F34022"}

2024-11-11T07:29:43+00:00 DEBUG POST: https://business-api.tiktok.com/tbp/v2.0/shop/connection/disconnect?external_data=

--- EMPTY STRING ---
 ajax: no
2024-11-11T07:29:43+00:00 DEBUG Tt4b_Mapi_Class::tts_shop_disconnect: Response: 

HTTP/1.1 200 OK
Content-Type: application/json; charset=utf-8
Content-Length: 95
X-Api-Deprecation-Info: API for Business Version 1.3 is now live. To avoid disruption to your business, we recommend you migrate all calls to v1.3 as soon as possible. Please visit our migration guide for more details: https://ads.tiktok.com/marketing_api/docs?id=1740029169927169
X-Domain-Change-Info: We have moved to the new domain business-api.tiktok.com for API services after the Platform Upgrade on 09/30/2021. Please update all of your requests with the new domain if you haven't done so already. For more information, please visit https://ads.tiktok.com/marketing_api/docs?rid=esb88xalm6m&id=1709207085043713
X-Tt-Logid: 202411110729423FB02F157F73D8F25F14
Server-Timing: inner; dur=8
x-tt-trace-host: 01b2cc703e47961d1fe2641d2e650c04001991d9f0d22d266f860dbe5dc5d75c4307884f46d3b6ff9d7abac24ef7defb80d1c3dfb6705aac7a13359cf23f51df9cd44b42f9b41933037d3de94f5d76d7a5164a398b2a8dd1057f99659c255b7ec0
x-tt-trace-id: 00-2411110729423FB02F157F73D8F25F14-282DAC1053316783-00
Server: TLB
Expires: Mon, 11 Nov 2024 07:29:43 GMT
Cache-Control: max-age=0, no-cache, no-store
Pragma: no-cache
Date: Mon, 11 Nov 2024 07:29:43 GMT
X-Cache: TCP_MISS from a23-47-190-166.deploy.akamaitechnologies.com (AkamaiGHost/11.7.0.1-02978ab5588da6405be9084889a03f78) (-)
Connection: close
x-tt-trace-tag: id=16;cdn-cache=miss;type=dyn
Server-Timing: cdn-cache; desc=MISS, edge; dur=1, origin; dur=21
X-Origin-Response-Time: 21,23.47.190.166
X-Akamai-Request-ID: 3baa777e

{"code":40001,"message":"Permission denied.","request_id":"202411110729423FB02F157F73D8F25F14"}

